c:\users\adria\documents\github\soft-shadowing-computer-graphics-project\windows\soft-shadowing_vs_2022\soft-shadowing\x64\release\vc143.pdb
c:\users\adria\documents\github\soft-shadowing-computer-graphics-project\windows\soft-shadowing_vs_2022\soft-shadowing\x64\release\main.obj
c:\users\adria\documents\github\soft-shadowing-computer-graphics-project\windows\soft-shadowing_vs_2022\soft-shadowing\x64\release\world_transform.obj
c:\users\adria\documents\github\soft-shadowing-computer-graphics-project\windows\soft-shadowing_vs_2022\soft-shadowing\x64\release\util.obj
c:\users\adria\documents\github\soft-shadowing-computer-graphics-project\windows\soft-shadowing_vs_2022\soft-shadowing\x64\release\texture.obj
c:\users\adria\documents\github\soft-shadowing-computer-graphics-project\windows\soft-shadowing_vs_2022\soft-shadowing\x64\release\technique.obj
c:\users\adria\documents\github\soft-shadowing-computer-graphics-project\windows\soft-shadowing_vs_2022\soft-shadowing\x64\release\shadow_map_fbo.obj
c:\users\adria\documents\github\soft-shadowing-computer-graphics-project\windows\soft-shadowing_vs_2022\soft-shadowing\x64\release\shadow_mapping_technique.obj
c:\users\adria\documents\github\soft-shadowing-computer-graphics-project\windows\soft-shadowing_vs_2022\soft-shadowing\x64\release\math_3d.obj
c:\users\adria\documents\github\soft-shadowing-computer-graphics-project\windows\soft-shadowing_vs_2022\soft-shadowing\x64\release\lighting.obj
c:\users\adria\documents\github\soft-shadowing-computer-graphics-project\windows\soft-shadowing_vs_2022\soft-shadowing\x64\release\glfw.obj
c:\users\adria\documents\github\soft-shadowing-computer-graphics-project\windows\soft-shadowing_vs_2022\soft-shadowing\x64\release\basic_mesh.obj
c:\users\adria\documents\github\soft-shadowing-computer-graphics-project\windows\soft-shadowing_vs_2022\soft-shadowing\x64\release\basic_glfw_camera.obj
c:\users\adria\documents\github\soft-shadowing-computer-graphics-project\windows\soft-shadowing_vs_2022\soft-shadowing\x64\release\stb_image.obj
c:\users\adria\documents\github\soft-shadowing-computer-graphics-project\windows\soft-shadowing_vs_2022\x64\release\soft-shadowing.exe
c:\users\adria\documents\github\soft-shadowing-computer-graphics-project\windows\soft-shadowing_vs_2022\soft-shadowing\x64\release\soft-shadowing.ipdb
c:\users\adria\documents\github\soft-shadowing-computer-graphics-project\windows\soft-shadowing_vs_2022\x64\release\soft-shadowing.pdb
c:\users\adria\documents\github\soft-shadowing-computer-graphics-project\windows\soft-shadowing_vs_2022\soft-shadowing\x64\release\soft-shadowing.iobj
c:\users\adria\documents\github\soft-shadowing-computer-graphics-project\windows\soft-shadowing_vs_2022\soft-shadowing\x64\release\soft-shadowing.tlog\cl.command.1.tlog
c:\users\adria\documents\github\soft-shadowing-computer-graphics-project\windows\soft-shadowing_vs_2022\soft-shadowing\x64\release\soft-shadowing.tlog\cl.items.tlog
c:\users\adria\documents\github\soft-shadowing-computer-graphics-project\windows\soft-shadowing_vs_2022\soft-shadowing\x64\release\soft-shadowing.tlog\cl.read.1.tlog
c:\users\adria\documents\github\soft-shadowing-computer-graphics-project\windows\soft-shadowing_vs_2022\soft-shadowing\x64\release\soft-shadowing.tlog\cl.write.1.tlog
c:\users\adria\documents\github\soft-shadowing-computer-graphics-project\windows\soft-shadowing_vs_2022\soft-shadowing\x64\release\soft-shadowing.tlog\link.command.1.tlog
c:\users\adria\documents\github\soft-shadowing-computer-graphics-project\windows\soft-shadowing_vs_2022\soft-shadowing\x64\release\soft-shadowing.tlog\link.read.1.tlog
c:\users\adria\documents\github\soft-shadowing-computer-graphics-project\windows\soft-shadowing_vs_2022\soft-shadowing\x64\release\soft-shadowing.tlog\link.write.1.tlog
