c:\users\adria\documents\github\soft-shadowing\windows\soft-shadowing_vs_2022\soft-shadowing\x64\debug\vc143.pdb
c:\users\adria\documents\github\soft-shadowing\windows\soft-shadowing_vs_2022\soft-shadowing\x64\debug\vc143.idb
c:\users\adria\documents\github\soft-shadowing\windows\soft-shadowing_vs_2022\soft-shadowing\x64\debug\main.obj
c:\users\adria\documents\github\soft-shadowing\windows\soft-shadowing_vs_2022\soft-shadowing\x64\debug\world_transform.obj
c:\users\adria\documents\github\soft-shadowing\windows\soft-shadowing_vs_2022\soft-shadowing\x64\debug\util.obj
c:\users\adria\documents\github\soft-shadowing\windows\soft-shadowing_vs_2022\soft-shadowing\x64\debug\texture.obj
c:\users\adria\documents\github\soft-shadowing\windows\soft-shadowing_vs_2022\soft-shadowing\x64\debug\technique.obj
c:\users\adria\documents\github\soft-shadowing\windows\soft-shadowing_vs_2022\soft-shadowing\x64\debug\shadow_map_fbo.obj
c:\users\adria\documents\github\soft-shadowing\windows\soft-shadowing_vs_2022\soft-shadowing\x64\debug\shadow_mapping_technique.obj
c:\users\adria\documents\github\soft-shadowing\windows\soft-shadowing_vs_2022\soft-shadowing\x64\debug\math_3d.obj
c:\users\adria\documents\github\soft-shadowing\windows\soft-shadowing_vs_2022\soft-shadowing\x64\debug\lighting.obj
c:\users\adria\documents\github\soft-shadowing\windows\soft-shadowing_vs_2022\soft-shadowing\x64\debug\glfw.obj
c:\users\adria\documents\github\soft-shadowing\windows\soft-shadowing_vs_2022\soft-shadowing\x64\debug\basic_mesh.obj
c:\users\adria\documents\github\soft-shadowing\windows\soft-shadowing_vs_2022\soft-shadowing\x64\debug\basic_glfw_camera.obj
c:\users\adria\documents\github\soft-shadowing\windows\soft-shadowing_vs_2022\soft-shadowing\x64\debug\stb_image.obj
c:\users\adria\documents\github\soft-shadowing\windows\soft-shadowing_vs_2022\x64\debug\soft-shadowing.exe
c:\users\adria\documents\github\soft-shadowing\windows\soft-shadowing_vs_2022\soft-shadowing\x64\debug\soft-shadowing.ilk
c:\users\adria\documents\github\soft-shadowing\windows\soft-shadowing_vs_2022\x64\debug\soft-shadowing.pdb
c:\users\adria\documents\github\soft-shadowing\windows\soft-shadowing_vs_2022\soft-shadowing\x64\debug\shadow_map_offset_texture.obj
c:\users\adria\documents\github\soft-shadowing\windows\soft-shadowing_vs_2022\soft-shadowing\x64\debug\soft-shadowing.tlog\cl.command.1.tlog
c:\users\adria\documents\github\soft-shadowing\windows\soft-shadowing_vs_2022\soft-shadowing\x64\debug\soft-shadowing.tlog\cl.items.tlog
c:\users\adria\documents\github\soft-shadowing\windows\soft-shadowing_vs_2022\soft-shadowing\x64\debug\soft-shadowing.tlog\cl.read.1.tlog
c:\users\adria\documents\github\soft-shadowing\windows\soft-shadowing_vs_2022\soft-shadowing\x64\debug\soft-shadowing.tlog\cl.write.1.tlog
c:\users\adria\documents\github\soft-shadowing\windows\soft-shadowing_vs_2022\soft-shadowing\x64\debug\soft-shadowing.tlog\link.command.1.tlog
c:\users\adria\documents\github\soft-shadowing\windows\soft-shadowing_vs_2022\soft-shadowing\x64\debug\soft-shadowing.tlog\link.read.1.tlog
c:\users\adria\documents\github\soft-shadowing\windows\soft-shadowing_vs_2022\soft-shadowing\x64\debug\soft-shadowing.tlog\link.write.1.tlog
